{"event_id":"8ebf975a-51a2-4ddb-ab20-de1d8c7ba006","user_id":"fe4f1d79-3c57-438f-9571-d69562179531","product_id":"9370006e-ea36-4825-8951-62fc2d7a428d","event_type":0,"timestamp":"2025-08-06T12:15:36.056481812Z"}
{"event_id":"62fa11cb-d293-4ce2-b6b5-ca8231ca31e3","user_id":"900c4955-ab9d-4f51-a1a2-68405f1ece90","product_id":"8f8bc91c-bd76-4d7c-8674-b9696ef12f2c","event_type":1,"timestamp":"2025-08-06T12:15:42.144846791Z"}
{"event_id":"080b22cd-5bca-44a3-b0ce-d13e3186ee6d","user_id":"97c39084-4d56-485d-bec0-45eeaba51dc5","product_id":"dd87732b-a6d8-4a39-8b2b-299d389b4610","event_type":2,"timestamp":"2025-08-06T12:15:46.168929489Z"}
{"event_id":"138fc7fb-5abd-4c15-b231-38922a4cb23d","user_id":"2c848905-ceaf-45cc-b35e-ecdaa371bbfb","product_id":"2ee13918-4327-4448-961b-9b8f7f114c5e","event_type":0,"timestamp":"2025-08-06T12:15:50.24135038Z"}
{"event_id":"f8a76e55-3dc2-4c48-8812-525e6b4257fd","user_id":"d9f632a4-bf90-4bd2-aeb2-35a301a151fa","product_id":"01bf2854-8043-4834-9695-194480dd0969","event_type":1,"timestamp":"2025-08-06T12:15:54.257844687Z"}
{"event_id":"aa32fbc2-8d2b-4d04-aa28-1aee385ad993","user_id":"4a9f5eec-76e7-4a79-a5e3-44d5394c581d","product_id":"535ab006-45a3-49a7-92e0-5a7fcf4bac38","event_type":2,"timestamp":"2025-08-06T12:15:58.272070126Z"}
{"event_id":"74c53dc1-ac55-4f24-98e9-224f821ef4e9","user_id":"3f09767f-cff3-440a-83ab-3ba11915201e","product_id":"14c80f64-4c5c-4b46-b290-135090df45dd","event_type":0,"timestamp":"2025-08-06T12:16:02.287576801Z"}
{"event_id":"a53e426d-28df-4d66-b2c1-e79a7097778d","user_id":"68d84b19-a0e3-444b-934d-c472d9ace1de","product_id":"88ea17b4-6bb6-4a0d-9e14-768976c0e1ef","event_type":1,"timestamp":"2025-08-06T12:16:06.300475191Z"}
{"event_id":"96812caf-1f47-49e0-b9bd-5ebe7a238ac6","user_id":"b95f28b3-a656-427c-a6fb-837d9994f286","product_id":"08ec6527-d18f-40ce-9e60-a0a145936b5b","event_type":2,"timestamp":"2025-08-06T12:16:10.313315265Z"}
{"event_id":"08ec8cfb-d8f0-4650-aa34-845506e65dc0","user_id":"08cdc87c-b6a0-40b6-b107-5b33e1761b8b","product_id":"8ec292d6-ff57-4c64-bfb6-149bd9db46a2","event_type":0,"timestamp":"2025-08-06T12:16:14.330188229Z"}
{"event_id":"7c4e8cb0-ab11-45d1-a5e4-5b12fde64263","user_id":"3cf4e236-8e77-411e-bc9f-5fa590c148a2","product_id":"9b5524f6-409d-4801-a6ff-f29e3c73a399","event_type":1,"timestamp":"2025-08-06T12:16:18.345215047Z"}
{"event_id":"341ec4ba-91ba-4e0b-ae41-add9be1216a5","user_id":"3b71912a-cbc5-4676-9756-4e63b1f47779","product_id":"632df951-140d-4fd5-af9b-9f91f2b99d07","event_type":2,"timestamp":"2025-08-06T12:16:22.356988385Z"}
{"event_id":"aac3526d-0e72-4321-aa1e-ff7dd5a9949a","user_id":"2acb8d6e-2027-4b7d-9ff6-2ae22fd8d94d","product_id":"6eb5e21f-e8ab-4fec-8ef5-bc2a563c2f7f","event_type":0,"timestamp":"2025-08-06T12:16:26.370167122Z"}
{"event_id":"bd9011c7-1716-439d-881c-579d20b7b13f","user_id":"28469014-3b62-410a-9cf7-6274a7a8fbd0","product_id":"dd76c0dd-fa92-4c76-b732-545ccec9534c","event_type":1,"timestamp":"2025-08-06T12:16:30.38372827Z"}
{"event_id":"eb78e50f-a692-4e10-b11a-f181bb9adca4","user_id":"4955c8a3-aa03-4f4d-8e01-047434234eb7","product_id":"ded286fe-c902-46cc-bacc-dfff8371e23d","event_type":2,"timestamp":"2025-08-06T12:16:34.402551166Z"}
{"event_id":"7c156ec3-a2a2-480e-94e8-4e57ed507cb6","user_id":"d2e66a26-31cd-4bb0-bb5e-f7ffc6c76c2d","product_id":"b8194eb0-4bf8-4ba6-ae85-15c1eec985d7","event_type":0,"timestamp":"2025-08-06T12:16:38.411213255Z"}
{"event_id":"7cffa7de-8d56-4e3c-8c7e-3f2cdfaa3764","user_id":"961ae611-0b9d-4abf-8d47-8b9056d32af9","product_id":"00b8ab6f-40f3-499b-bbc4-c456521b04cd","event_type":1,"timestamp":"2025-08-06T12:16:42.425079563Z"}
{"event_id":"1d0e3db6-b862-4f85-8782-31dafe6fbf54","user_id":"2fbd428f-a3fa-47cf-9dc1-8460c8d732b8","product_id":"d3949f33-a418-4e35-a25a-addb188d9c48","event_type":2,"timestamp":"2025-08-06T12:16:46.437579006Z"}
{"event_id":"a3f5441c-6185-49ff-b212-e220f52b87dd","user_id":"2b561bf4-ebc9-4e54-95eb-1c182ac82678","product_id":"e3ac27bb-fd6b-4abd-bca6-e1bb300f58dd","event_type":0,"timestamp":"2025-08-06T12:16:50.452587538Z"}
{"event_id":"a71f2ec7-d4f9-4953-bfff-a2389061de1d","user_id":"67a698cf-9542-4366-8e4d-f3dc3c84361e","product_id":"5ae0e9c5-1928-4811-bd2d-fc0916dd7273","event_type":1,"timestamp":"2025-08-06T12:16:54.464553577Z"}
{"event_id":"4170c4d3-9991-4862-aa91-61787e2d78f5","user_id":"fad395cc-5940-44e1-8390-20b5463d0d45","product_id":"665d5570-67b1-42f9-a694-a008b7845084","event_type":2,"timestamp":"2025-08-06T12:16:58.477520134Z"}
{"event_id":"7e5da4c0-67a4-41fe-8bad-ae9acbfa787a","user_id":"4c1863e1-e089-4c55-bfe3-866837cc9b55","product_id":"7d56f77e-3e02-4a61-b68e-aa732335ca69","event_type":0,"timestamp":"2025-08-06T12:17:02.489625008Z"}
{"event_id":"a0ad6f58-5587-4441-94e4-fbb90becce38","user_id":"399ba4e1-90bc-49d1-9ee1-4865fc1ea018","product_id":"9cafca52-d46f-4f67-a400-e82e3ebdf877","event_type":1,"timestamp":"2025-08-06T12:17:06.499821541Z"}
{"event_id":"2215534f-0061-4336-a6f1-9bf29678a09a","user_id":"a78cd425-f80b-4e5b-9e08-772d67d4bdbf","product_id":"a1ba4b6f-e41c-4083-aede-4d083827e18e","event_type":2,"timestamp":"2025-08-06T12:17:10.517655206Z"}
{"event_id":"0794e542-b0f1-4a20-afd5-0aa3e0eeab79","user_id":"65dc74da-e932-4d1f-9704-09b6979831af","product_id":"2ef0719c-a176-4d49-8716-964b262d3794","event_type":0,"timestamp":"2025-08-06T12:17:14.538395576Z"}
{"event_id":"b102764d-b218-4a3a-b75a-909e4272f831","user_id":"a190229b-f0d1-4f70-8d2d-44e09a3393b9","product_id":"03252de4-93b3-4090-af2f-83bb4c3b5361","event_type":1,"timestamp":"2025-08-06T12:17:18.553135635Z"}
{"event_id":"ffd43211-f972-445a-b1fc-1e7baf3a9155","user_id":"5d406135-4591-45eb-9e84-887a2236d01e","product_id":"e4e05bfc-5bb6-4442-a45c-96789a8fe3c2","event_type":2,"timestamp":"2025-08-06T12:17:22.56463884Z"}
{"event_id":"c7b39bc7-6d36-4a4d-b1dd-1278448f9fdf","user_id":"45b77bf4-2036-4e1c-b262-e79dfef92ae2","product_id":"fb25ae8e-0b8b-4948-916d-c12bc5a090cf","event_type":0,"timestamp":"2025-08-06T12:17:26.5771388Z"}
{"event_id":"fa2b3a2d-6ab3-4bf4-87c8-ce3124c62dab","user_id":"83aff061-a6fb-4893-af4f-7ed3466d8a8d","product_id":"0f55ee34-29fd-431a-8abf-9b190b36f895","event_type":1,"timestamp":"2025-08-06T12:17:30.592906997Z"}
{"event_id":"c7c51914-c9ef-43b5-a345-171c4f1a1540","user_id":"42d829f5-1474-4162-b628-aeead0073f2f","product_id":"f795a95c-1d8a-4cea-a8f2-a791e402bd89","event_type":2,"timestamp":"2025-08-06T12:17:34.606312932Z"}
{"event_id":"2d52822b-7751-4988-8571-d1b9f8550043","user_id":"eeaa9b9c-8f84-4f55-9314-d88db40ed95b","product_id":"f4979b93-347b-472a-84c0-725ac5eda675","event_type":0,"timestamp":"2025-08-06T12:17:38.614578458Z"}
{"event_id":"56c4ac0d-9055-4172-8bfb-6a93b5e3d8dc","user_id":"8e1b0f18-f620-4575-afa0-6071ed02746e","product_id":"f0898cce-9dd8-45d2-9fa3-3f41d0095ff2","event_type":1,"timestamp":"2025-08-06T12:17:42.624349408Z"}
{"event_id":"df9e3dcd-de9d-4509-b167-b77aeb2e156c","user_id":"c015c101-f571-4a19-b9d7-8d79ee86cdd9","product_id":"4bf4e537-4469-4293-9086-0fca2cb7d039","event_type":2,"timestamp":"2025-08-06T12:17:46.635467098Z"}
{"event_id":"078bf2f8-3987-4975-8806-504041243c7d","user_id":"e7197401-b9ca-4970-b243-71b519c58265","product_id":"68a3a921-6ba5-4d76-a3d6-515e39e42f1a","event_type":0,"timestamp":"2025-08-06T12:17:50.651750545Z"}
{"event_id":"beeca339-bc9d-4289-a408-b19c2b99db75","user_id":"1e721fd4-abb9-46d4-b87c-6aed86f800ce","product_id":"08eaf021-7d37-4174-87c7-8cb899da78c4","event_type":1,"timestamp":"2025-08-06T12:17:54.666243283Z"}
